2023/05/30 20:47:59 more600
2023/05/30 20:49:15 without_redis
2023/05/30 20:58:15 without_redis
2023/05/30 20:58:22 without_redis
2023/05/30 20:58:29 without_redis
2023/05/30 20:58:36 without_redis
2023/05/30 20:58:43 without_redis
2023/05/30 21:02:30 full_backup, out
2023/05/30 21:03:20 full_backup {[] 0 0}
2023/05/30 21:04:24 without_redis
2023/05/30 21:04:31 without_redis
2023/05/30 21:04:38 without_redis
2023/05/30 21:05:48 without_redis
2023/05/30 21:05:55 without_redis
2023/05/30 21:07:23 without_redis
2023/05/30 21:07:30 without_redis
2023/05/30 21:07:37 without_redis
2023/05/30 21:07:44 without_redis
2023/05/30 21:07:51 full_backup Hi Mixa!

2023/05/30 21:08:37 full_backup Hi Mixa!

2023/05/30 21:08:54 without_redis
2023/05/30 21:09:01 without_redis
2023/05/31 21:09:51 full_backup Hi Mixa!

